RUN	commentsSimulation	commentssimulation	1639403665950	 	3.6.1
USER	Post comments	START	1639403667120
USER	Put comments	START	1639403667129
USER	Delete comments	START	1639403667129
USER	Get comments	START	1639403667129
USER	Post comments	START	1639403668114
USER	Put comments	START	1639403668114
USER	Delete comments	START	1639403668114
USER	Get comments	START	1639403668114
REQUEST		Post comments	1639403667278	1639403668142	OK	 
USER	Post comments	END	1639403668184
REQUEST		Post comments	1639403667278	1639403668227	OK	 
REQUEST		Post comments	1639403667278	1639403668333	OK	 
REQUEST		Post comments	1639403667278	1639403668433	OK	 
REQUEST		Get comments	1639403668278	1639403668531	OK	 
USER	Get comments	END	1639403668533
REQUEST		Delete comments	1639403668335	1639403668629	OK	 
USER	Delete comments	END	1639403668639
REQUEST		Put comments	1639403668435	1639403668736	OK	 
USER	Put comments	END	1639403668741
REQUEST		Post comments	1639403668123	1639403668902	OK	 
REQUEST		Post comments	1639403668125	1639403669001	OK	 
USER	Post comments	END	1639403669005
USER	Put comments	START	1639403669095
USER	Delete comments	START	1639403669095
REQUEST		Post comments	1639403668124	1639403669121	OK	 
USER	Get comments	START	1639403669117
USER	Post comments	START	1639403669115
REQUEST		Post comments	1639403668124	1639403669195	OK	 
REQUEST		Put comments	1639403668906	1639403669318	OK	 
USER	Put comments	END	1639403669332
REQUEST		Delete comments	1639403669125	1639403669389	OK	 
USER	Delete comments	END	1639403669393
REQUEST		Get comments	1639403669197	1639403669486	OK	 
USER	Get comments	END	1639403669492
REQUEST		Post comments	1639403669121	1639403669915	OK	 
REQUEST		Post comments	1639403669121	1639403670016	OK	 
USER	Post comments	END	1639403670023
USER	Post comments	START	1639403670094
USER	Delete comments	START	1639403670096
USER	Put comments	START	1639403670093
USER	Get comments	START	1639403670093
REQUEST		Post comments	1639403669113	1639403670116	OK	 
REQUEST		Post comments	1639403669115	1639403670212	OK	 
REQUEST		Get comments	1639403669923	1639403670308	OK	 
USER	Get comments	END	1639403670312
REQUEST		Put comments	1639403670123	1639403670414	OK	 
USER	Put comments	END	1639403670421
REQUEST		Delete comments	1639403670219	1639403670516	OK	 
USER	Delete comments	END	1639403670519
REQUEST		Post comments	1639403670106	1639403670870	OK	 
REQUEST		Post comments	1639403670108	1639403670964	OK	 
REQUEST		Post comments	1639403670101	1639403671059	OK	 
USER	Delete comments	START	1639403671092
USER	Get comments	START	1639403671092
USER	Put comments	START	1639403671093
USER	Post comments	START	1639403671093
REQUEST		Post comments	1639403670107	1639403671163	OK	 
USER	Post comments	END	1639403671168
REQUEST		Get comments	1639403670873	1639403671251	OK	 
USER	Get comments	END	1639403671255
REQUEST		Put comments	1639403670969	1639403671362	OK	 
USER	Put comments	END	1639403671367
REQUEST		Delete comments	1639403671062	1639403671453	OK	 
USER	Delete comments	END	1639403671455
REQUEST		Post comments	1639403671096	1639403671896	OK	 
REQUEST		Post comments	1639403671094	1639403671990	OK	 
REQUEST		Post comments	1639403671096	1639403672091	OK	 
USER	Get comments	START	1639403672106
USER	Delete comments	START	1639403672106
USER	Put comments	START	1639403672107
USER	Post comments	START	1639403672105
USER	Post comments	END	1639403672122
REQUEST		Post comments	1639403671094	1639403672192	OK	 
REQUEST		Put comments	1639403671924	1639403672283	OK	 
USER	Put comments	END	1639403672287
REQUEST		Delete comments	1639403671992	1639403672385	OK	 
USER	Delete comments	END	1639403672387
REQUEST		Get comments	1639403672195	1639403672480	OK	 
USER	Get comments	END	1639403672488
REQUEST		Post comments	1639403672107	1639403672909	OK	 
REQUEST		Post comments	1639403672106	1639403672955	OK	 
USER	Post comments	END	1639403672960
REQUEST		Post comments	1639403672107	1639403673062	OK	 
USER	Get comments	START	1639403673092
USER	Post comments	START	1639403673095
USER	Put comments	START	1639403673092
USER	Delete comments	START	1639403673092
REQUEST		Post comments	1639403672106	1639403673158	OK	 
REQUEST		Delete comments	1639403672911	1639403673264	OK	 
USER	Delete comments	END	1639403673269
REQUEST		Put comments	1639403673068	1639403673373	OK	 
USER	Put comments	END	1639403673379
REQUEST		Get comments	1639403673161	1639403673467	OK	 
USER	Get comments	END	1639403673478
REQUEST		Post comments	1639403673098	1639403673914	OK	 
USER	Post comments	END	1639403673921
REQUEST		Post comments	1639403673097	1639403674013	OK	 
USER	Post comments	START	1639403674101
USER	Put comments	START	1639403674101
USER	Get comments	START	1639403674102
USER	Delete comments	START	1639403674100
REQUEST		Post comments	1639403673097	1639403674113	OK	 
REQUEST		Post comments	1639403673097	1639403674207	OK	 
REQUEST		Put comments	1639403674021	1639403674311	OK	 
USER	Put comments	END	1639403674315
REQUEST		Get comments	1639403674118	1639403674405	OK	 
USER	Get comments	END	1639403674411
REQUEST		Delete comments	1639403674210	1639403674518	OK	 
USER	Delete comments	END	1639403674525
REQUEST		Post comments	1639403674108	1639403674885	OK	 
REQUEST		Post comments	1639403674104	1639403675035	OK	 
USER	Delete comments	START	1639403675095
USER	Put comments	START	1639403675095
USER	Get comments	START	1639403675096
USER	Post comments	START	1639403675095
REQUEST		Post comments	1639403674110	1639403675125	OK	 
REQUEST		Post comments	1639403674102	1639403675189	OK	 
USER	Post comments	END	1639403675193
REQUEST		Get comments	1639403674897	1639403675283	OK	 
USER	Get comments	END	1639403675285
REQUEST		Put comments	1639403675046	1639403675395	OK	 
USER	Put comments	END	1639403675400
REQUEST		Delete comments	1639403675131	1639403675498	OK	 
USER	Delete comments	END	1639403675510
REQUEST		Post comments	1639403675107	1639403675884	OK	 
USER	Post comments	END	1639403675887
REQUEST		Post comments	1639403675098	1639403675987	OK	 
REQUEST		Post comments	1639403675099	1639403676086	OK	 
USER	Delete comments	START	1639403676095
USER	Get comments	START	1639403676094
USER	Post comments	START	1639403676094
USER	Put comments	START	1639403676094
REQUEST		Post comments	1639403675098	1639403676177	OK	 
REQUEST		Get comments	1639403675991	1639403676282	OK	 
USER	Get comments	END	1639403676284
REQUEST		Put comments	1639403676095	1639403676389	OK	 
USER	Put comments	END	1639403676392
REQUEST		Delete comments	1639403676181	1639403676484	OK	 
USER	Delete comments	END	1639403676486
REQUEST		Post comments	1639403676096	1639403676855	OK	 
USER	Post comments	END	1639403676859
REQUEST		Post comments	1639403676095	1639403676954	OK	 
REQUEST		Post comments	1639403676095	1639403677058	OK	 
USER	Put comments	START	1639403677092
USER	Get comments	START	1639403677093
USER	Post comments	START	1639403677092
USER	Delete comments	START	1639403677092
REQUEST		Post comments	1639403676095	1639403677154	OK	 
REQUEST		Get comments	1639403676957	1639403677245	OK	 
USER	Get comments	END	1639403677246
REQUEST		Delete comments	1639403677062	1639403677352	OK	 
USER	Delete comments	END	1639403677355
REQUEST		Put comments	1639403677157	1639403677452	OK	 
USER	Put comments	END	1639403677458
REQUEST		Post comments	1639403677099	1639403677851	OK	 
REQUEST		Post comments	1639403677099	1639403677945	OK	 
REQUEST		Post comments	1639403677104	1639403678040	OK	 
USER	Delete comments	START	1639403678095
USER	Post comments	START	1639403678095
USER	Put comments	START	1639403678095
USER	Get comments	START	1639403678095
REQUEST		Post comments	1639403677104	1639403678143	OK	 
USER	Post comments	END	1639403678146
REQUEST		Get comments	1639403677854	1639403678241	OK	 
USER	Get comments	END	1639403678247
REQUEST		Put comments	1639403677947	1639403678350	OK	 
USER	Put comments	END	1639403678362
REQUEST		Delete comments	1639403678049	1639403678441	OK	 
USER	Delete comments	END	1639403678445
REQUEST		Post comments	1639403678096	1639403678845	OK	 
REQUEST		Post comments	1639403678096	1639403678954	OK	 
USER	Post comments	END	1639403678960
REQUEST		Post comments	1639403678096	1639403679040	OK	 
USER	Get comments	START	1639403679092
USER	Post comments	START	1639403679092
USER	Delete comments	START	1639403679092
USER	Put comments	START	1639403679092
REQUEST		Post comments	1639403678096	1639403679147	OK	 
REQUEST		Get comments	1639403678849	1639403679232	OK	 
USER	Get comments	END	1639403679234
REQUEST		Put comments	1639403679043	1639403679349	OK	 
USER	Put comments	END	1639403679351
REQUEST		Delete comments	1639403679152	1639403679460	OK	 
USER	Delete comments	END	1639403679462
REQUEST		Post comments	1639403679094	1639403679835	OK	 
REQUEST		Post comments	1639403679094	1639403679938	OK	 
REQUEST		Post comments	1639403679094	1639403680027	OK	 
USER	Post comments	END	1639403680029
USER	Get comments	START	1639403680093
USER	Delete comments	START	1639403680093
USER	Put comments	START	1639403680093
USER	Post comments	START	1639403680093
REQUEST		Post comments	1639403679094	1639403680129	OK	 
REQUEST		Get comments	1639403679840	1639403680229	OK	 
USER	Get comments	END	1639403680234
REQUEST		Put comments	1639403679939	1639403680333	OK	 
USER	Put comments	END	1639403680337
REQUEST		Delete comments	1639403680133	1639403680434	OK	 
USER	Delete comments	END	1639403680436
REQUEST		Post comments	1639403680095	1639403680845	OK	 
REQUEST		Post comments	1639403680095	1639403680951	OK	 
REQUEST		Post comments	1639403680095	1639403681049	OK	 
USER	Post comments	END	1639403681058
USER	Delete comments	START	1639403681096
USER	Put comments	START	1639403681097
USER	Get comments	START	1639403681097
USER	Post comments	START	1639403681096
REQUEST		Post comments	1639403680095	1639403681146	OK	 
REQUEST		Put comments	1639403680853	1639403681244	OK	 
USER	Put comments	END	1639403681249
REQUEST		Get comments	1639403680955	1639403681355	OK	 
USER	Get comments	END	1639403681358
REQUEST		Delete comments	1639403681153	1639403681462	OK	 
USER	Delete comments	END	1639403681464
REQUEST		Post comments	1639403681102	1639403681870	OK	 
REQUEST		Post comments	1639403681102	1639403681970	OK	 
REQUEST		Post comments	1639403681102	1639403682067	OK	 
REQUEST		Post comments	1639403681102	1639403682164	OK	 
USER	Post comments	END	1639403682173
REQUEST		Get comments	1639403681874	1639403682259	OK	 
USER	Get comments	END	1639403682274
REQUEST		Delete comments	1639403681974	1639403682365	OK	 
USER	Delete comments	END	1639403682369
REQUEST		Put comments	1639403682071	1639403682463	OK	 
USER	Put comments	END	1639403682467
